(1, ^, 1) (0, s, 0) 
(2, ^, 1) (0, s, 2) (1, u, 0) 
(3, ^, 1) (0, s, 2) (1, u, 3) (2, b, 0) 
(4, ^, 1) (0, s, 2) (1, u, 3) (2, b, 4) (3, w, 0) 
(5, ^, 1) (0, s, 2) (1, u, 3) (2, b, 4) (3, w, 5) (4, a, 0) 
(6, ^, 1) (0, s, 2) (1, u, 3) (2, b, 4) (3, w, 5) (4, a, 6) (5, t, 0) 
(5, ^, 1) (0, s, 2) (1, u, 3) (2, b, 4) (3, w, 5) (4, a, 0) (5, t, 0) 
(6, ^, 1) (0, s, 2) (1, u, 3) (2, b, 4) (3, w, 5) (4, a, 6) (5, y, 0) 
(7, ^, 1) (0, s, 2) (1, u, 3) (2, b, 4) (3, w, 5) (4, a, 6) (5, y, 7) (6, _, 0) 
(8, ^, 1) (0, s, 2) (1, u, 3) (2, b, 4) (3, w, 5) (4, a, 6) (5, y, 7) (6, _, 8) (7, i, 0) 
(9, ^, 1) (0, s, 2) (1, u, 3) (2, b, 4) (3, w, 5) (4, a, 6) (5, y, 7) (6, _, 8) (7, i, 9) (8, n, 0) 
(10, ^, 1) (0, s, 2) (1, u, 3) (2, b, 4) (3, w, 5) (4, a, 6) (5, y, 7) (6, _, 8) (7, i, 9) (8, n, 10) (9, t, 0) 
(11, ^, 1) (0, s, 2) (1, u, 3) (2, b, 4) (3, w, 5) (4, a, 6) (5, y, 7) (6, _, 8) (7, i, 9) (8, n, 10) (9, t, 11) (10, e, 0) 
(12, ^, 1) (0, s, 2) (1, u, 3) (2, b, 4) (3, w, 5) (4, a, 6) (5, y, 7) (6, _, 8) (7, i, 9) (8, n, 10) (9, t, 11) (10, e, 12) (11, r, 0) 
(13, ^, 1) (0, s, 2) (1, u, 3) (2, b, 4) (3, w, 5) (4, a, 6) (5, y, 7) (6, _, 8) (7, i, 9) (8, n, 10) (9, t, 11) (10, e, 12) (11, r, 13) (12, c, 0) 
(14, ^, 1) (0, s, 2) (1, u, 3) (2, b, 4) (3, w, 5) (4, a, 6) (5, y, 7) (6, _, 8) (7, i, 9) (8, n, 10) (9, t, 11) (10, e, 12) (11, r, 13) (12, c, 14) (13, h, 0) 
(15, ^, 1) (0, s, 2) (1, u, 3) (2, b, 4) (3, w, 5) (4, a, 6) (5, y, 7) (6, _, 8) (7, i, 9) (8, n, 10) (9, t, 11) (10, e, 12) (11, r, 13) (12, c, 14) (13, h, 15) (14, a, 0) 
(16, ^, 1) (0, s, 2) (1, u, 3) (2, b, 4) (3, w, 5) (4, a, 6) (5, y, 7) (6, _, 8) (7, i, 9) (8, n, 10) (9, t, 11) (10, e, 12) (11, r, 13) (12, c, 14) (13, h, 15) (14, a, 16) (15, n, 0) 
(17, ^, 1) (0, s, 2) (1, u, 3) (2, b, 4) (3, w, 5) (4, a, 6) (5, y, 7) (6, _, 8) (7, i, 9) (8, n, 10) (9, t, 11) (10, e, 12) (11, r, 13) (12, c, 14) (13, h, 15) (14, a, 16) (15, n, 17) (16, g, 0) 
(18, ^, 1) (0, s, 2) (1, u, 3) (2, b, 4) (3, w, 5) (4, a, 6) (5, y, 7) (6, _, 8) (7, i, 9) (8, n, 10) (9, t, 11) (10, e, 12) (11, r, 13) (12, c, 14) (13, h, 15) (14, a, 16) (15, n, 17) (16, g, 18) (17, e, 0) 
(18, ^, 1) (0, s, 2) (1, u, 3) (2, b, 4) (3, w, 5) (4, a, 6) (5, y, 7) (6, _, 8) (7, i, 9) (8, n, 10) (9, t, 11) (10, e, 12) (11, r, 13) (12, c, 14) (13, h, 15) (14, a, 16) (15, n, 17) (16, g, 18) (17, e, 0) 
(18, ^, 19) (19, s, 2) (1, u, 3) (2, b, 4) (3, w, 5) (4, a, 6) (5, y, 7) (6, _, 8) (7, i, 9) (8, n, 10) (9, t, 11) (10, e, 12) (11, r, 13) (12, c, 14) (13, h, 15) (14, a, 16) (15, n, 17) (16, g, 18) (17, e, 0) (0, l, 1) 
(18, ^, 19) (20, s, 2) (1, u, 3) (2, b, 4) (3, w, 5) (4, a, 6) (5, y, 7) (6, _, 8) (7, i, 9) (8, n, 10) (9, t, 11) (10, e, 12) (11, r, 13) (12, c, 14) (13, h, 15) (14, a, 16) (15, n, 17) (16, g, 18) (17, e, 0) (0, l, 20) (19, o, 1) 
(18, ^, 19) (21, s, 2) (1, u, 3) (2, b, 4) (3, w, 5) (4, a, 6) (5, y, 7) (6, _, 8) (7, i, 9) (8, n, 10) (9, t, 11) (10, e, 12) (11, r, 13) (12, c, 14) (13, h, 15) (14, a, 16) (15, n, 17) (16, g, 18) (17, e, 0) (0, l, 20) (19, o, 21) (20, c, 1) 
(18, ^, 19) (22, s, 2) (1, u, 3) (2, b, 4) (3, w, 5) (4, a, 6) (5, y, 7) (6, _, 8) (7, i, 9) (8, n, 10) (9, t, 11) (10, e, 12) (11, r, 13) (12, c, 14) (13, h, 15) (14, a, 16) (15, n, 17) (16, g, 18) (17, e, 0) (0, l, 20) (19, o, 21) (20, c, 22) (21, a, 1) 
(18, ^, 19) (23, s, 2) (1, u, 3) (2, b, 4) (3, w, 5) (4, a, 6) (5, y, 7) (6, _, 8) (7, i, 9) (8, n, 10) (9, t, 11) (10, e, 12) (11, r, 13) (12, c, 14) (13, h, 15) (14, a, 16) (15, n, 17) (16, g, 18) (17, e, 0) (0, l, 20) (19, o, 21) (20, c, 22) (21, a, 23) (22, t, 1) 
(18, ^, 19) (24, s, 2) (1, u, 3) (2, b, 4) (3, w, 5) (4, a, 6) (5, y, 7) (6, _, 8) (7, i, 9) (8, n, 10) (9, t, 11) (10, e, 12) (11, r, 13) (12, c, 14) (13, h, 15) (14, a, 16) (15, n, 17) (16, g, 18) (17, e, 0) (0, l, 20) (19, o, 21) (20, c, 22) (21, a, 23) (22, t, 24) (23, i, 1) 
(18, ^, 19) (25, s, 2) (1, u, 3) (2, b, 4) (3, w, 5) (4, a, 6) (5, y, 7) (6, _, 8) (7, i, 9) (8, n, 10) (9, t, 11) (10, e, 12) (11, r, 13) (12, c, 14) (13, h, 15) (14, a, 16) (15, n, 17) (16, g, 18) (17, e, 0) (0, l, 20) (19, o, 21) (20, c, 22) (21, a, 23) (22, t, 24) (23, i, 25) (24, o, 1) 
(18, ^, 19) (26, s, 2) (1, u, 3) (2, b, 4) (3, w, 5) (4, a, 6) (5, y, 7) (6, _, 8) (7, i, 9) (8, n, 10) (9, t, 11) (10, e, 12) (11, r, 13) (12, c, 14) (13, h, 15) (14, a, 16) (15, n, 17) (16, g, 18) (17, e, 0) (0, l, 20) (19, o, 21) (20, c, 22) (21, a, 23) (22, t, 24) (23, i, 25) (24, o, 26) (25, n, 1) 
(18, ^, 19) (27, s, 2) (1, u, 3) (2, b, 4) (3, w, 5) (4, a, 6) (5, y, 7) (6, _, 8) (7, i, 9) (8, n, 10) (9, t, 11) (10, e, 12) (11, r, 13) (12, c, 14) (13, h, 15) (14, a, 16) (15, n, 17) (16, g, 18) (17, e, 0) (0, l, 20) (19, o, 21) (20, c, 22) (21, a, 23) (22, t, 24) (23, i, 25) (24, o, 26) (25, n, 27) (26, _, 1) 
(18, ^, 19) (27, s, 2) (1, u, 3) (2, b, 4) (3, w, 5) (4, a, 6) (5, y, 7) (6, _, 8) (7, i, 9) (8, n, 10) (9, t, 11) (10, e, 12) (11, r, 13) (12, c, 14) (13, h, 15) (14, a, 16) (15, n, 17) (16, g, 18) (17, e, 0) (0, l, 20) (19, o, 21) (20, c, 22) (21, a, 23) (22, t, 24) (23, i, 25) (24, o, 26) (25, n, 27) (26, _, 1) 
location_subway_interchange
